2025-05-26T14:21:27: ❌ Email service connection failed: Error: Invalid login: 535-5.7.8 Username and Password not accepted. For more information, go to
535 5.7.8  https://support.google.com/mail/?p=BadCredentials d9443c01a7336-2342d6cf02dsm25431965ad.87 - gsmtp
    at SMTPConnection._formatError (C:\Users\User\Desktop\Cursor\TaskMaster\back\node_modules\nodemailer\lib\smtp-connection\index.js:809:19)
    at SMTPConnection._actionAUTHComplete (C:\Users\User\Desktop\Cursor\TaskMaster\back\node_modules\nodemailer\lib\smtp-connection\index.js:1588:34)
    at SMTPConnection.<anonymous> (C:\Users\User\Desktop\Cursor\TaskMaster\back\node_modules\nodemailer\lib\smtp-connection\index.js:556:26)
    at SMTPConnection._processResponse (C:\Users\User\Desktop\Cursor\TaskMaster\back\node_modules\nodemailer\lib\smtp-connection\index.js:993:20)
    at SMTPConnection._onData (C:\Users\User\Desktop\Cursor\TaskMaster\back\node_modules\nodemailer\lib\smtp-connection\index.js:774:14)
    at SMTPConnection._onSocketData (C:\Users\User\Desktop\Cursor\TaskMaster\back\node_modules\nodemailer\lib\smtp-connection\index.js:195:44)
    at TLSSocket.emit (node:events:518:28)
    at addChunk (node:internal/streams/readable:561:12)
    at readableAddChunkPushByteMode (node:internal/streams/readable:512:3)
    at Readable.push (node:internal/streams/readable:392:5) {
  code: 'EAUTH',
  response: '535-5.7.8 Username and Password not accepted. For more information, go to\n' +
    '535 5.7.8  https://support.google.com/mail/?p=BadCredentials d9443c01a7336-2342d6cf02dsm25431965ad.87 - gsmtp',
  responseCode: 535,
  command: 'AUTH PLAIN'
}
2025-05-26T14:22:11: ❌ Email service connection failed: Error: Invalid login: 535-5.7.8 Username and Password not accepted. For more information, go to
535 5.7.8  https://support.google.com/mail/?p=BadCredentials d9443c01a7336-2341cc89bfcsm31848215ad.214 - gsmtp
    at SMTPConnection._formatError (C:\Users\User\Desktop\Cursor\TaskMaster\back\node_modules\nodemailer\lib\smtp-connection\index.js:809:19)
    at SMTPConnection._actionAUTHComplete (C:\Users\User\Desktop\Cursor\TaskMaster\back\node_modules\nodemailer\lib\smtp-connection\index.js:1588:34)
    at SMTPConnection.<anonymous> (C:\Users\User\Desktop\Cursor\TaskMaster\back\node_modules\nodemailer\lib\smtp-connection\index.js:556:26)
    at SMTPConnection._processResponse (C:\Users\User\Desktop\Cursor\TaskMaster\back\node_modules\nodemailer\lib\smtp-connection\index.js:993:20)
    at SMTPConnection._onData (C:\Users\User\Desktop\Cursor\TaskMaster\back\node_modules\nodemailer\lib\smtp-connection\index.js:774:14)
    at SMTPConnection._onSocketData (C:\Users\User\Desktop\Cursor\TaskMaster\back\node_modules\nodemailer\lib\smtp-connection\index.js:195:44)
    at TLSSocket.emit (node:events:518:28)
    at addChunk (node:internal/streams/readable:561:12)
    at readableAddChunkPushByteMode (node:internal/streams/readable:512:3)
    at Readable.push (node:internal/streams/readable:392:5) {
  code: 'EAUTH',
  response: '535-5.7.8 Username and Password not accepted. For more information, go to\n' +
    '535 5.7.8  https://support.google.com/mail/?p=BadCredentials d9443c01a7336-2341cc89bfcsm31848215ad.214 - gsmtp',
  responseCode: 535,
  command: 'AUTH PLAIN'
}
2025-05-26T14:23:08: ❌ Email service connection failed: Error: Invalid login: 535-5.7.8 Username and Password not accepted. For more information, go to
535 5.7.8  https://support.google.com/mail/?p=BadCredentials d2e1a72fcca58-742a9829cddsm16929585b3a.97 - gsmtp
    at SMTPConnection._formatError (C:\Users\User\Desktop\Cursor\TaskMaster\back\node_modules\nodemailer\lib\smtp-connection\index.js:809:19)
    at SMTPConnection._actionAUTHComplete (C:\Users\User\Desktop\Cursor\TaskMaster\back\node_modules\nodemailer\lib\smtp-connection\index.js:1588:34)
    at SMTPConnection.<anonymous> (C:\Users\User\Desktop\Cursor\TaskMaster\back\node_modules\nodemailer\lib\smtp-connection\index.js:556:26)
    at SMTPConnection._processResponse (C:\Users\User\Desktop\Cursor\TaskMaster\back\node_modules\nodemailer\lib\smtp-connection\index.js:993:20)
    at SMTPConnection._onData (C:\Users\User\Desktop\Cursor\TaskMaster\back\node_modules\nodemailer\lib\smtp-connection\index.js:774:14)
    at SMTPConnection._onSocketData (C:\Users\User\Desktop\Cursor\TaskMaster\back\node_modules\nodemailer\lib\smtp-connection\index.js:195:44)
    at TLSSocket.emit (node:events:518:28)
    at addChunk (node:internal/streams/readable:561:12)
    at readableAddChunkPushByteMode (node:internal/streams/readable:512:3)
    at Readable.push (node:internal/streams/readable:392:5) {
  code: 'EAUTH',
  response: '535-5.7.8 Username and Password not accepted. For more information, go to\n' +
    '535 5.7.8  https://support.google.com/mail/?p=BadCredentials d2e1a72fcca58-742a9829cddsm16929585b3a.97 - gsmtp',
  responseCode: 535,
  command: 'AUTH PLAIN'
}
2025-05-26T14:23:13: ❌ Email service connection failed: Error: Invalid login: 535-5.7.8 Username and Password not accepted. For more information, go to
535 5.7.8  https://support.google.com/mail/?p=BadCredentials 98e67ed59e1d1-31114fe8e4bsm3736023a91.28 - gsmtp
    at SMTPConnection._formatError (C:\Users\User\Desktop\Cursor\TaskMaster\back\node_modules\nodemailer\lib\smtp-connection\index.js:809:19)
    at SMTPConnection._actionAUTHComplete (C:\Users\User\Desktop\Cursor\TaskMaster\back\node_modules\nodemailer\lib\smtp-connection\index.js:1588:34)
    at SMTPConnection.<anonymous> (C:\Users\User\Desktop\Cursor\TaskMaster\back\node_modules\nodemailer\lib\smtp-connection\index.js:556:26)
    at SMTPConnection._processResponse (C:\Users\User\Desktop\Cursor\TaskMaster\back\node_modules\nodemailer\lib\smtp-connection\index.js:993:20)
    at SMTPConnection._onData (C:\Users\User\Desktop\Cursor\TaskMaster\back\node_modules\nodemailer\lib\smtp-connection\index.js:774:14)
    at SMTPConnection._onSocketData (C:\Users\User\Desktop\Cursor\TaskMaster\back\node_modules\nodemailer\lib\smtp-connection\index.js:195:44)
    at TLSSocket.emit (node:events:518:28)
    at addChunk (node:internal/streams/readable:561:12)
    at readableAddChunkPushByteMode (node:internal/streams/readable:512:3)
    at Readable.push (node:internal/streams/readable:392:5) {
  code: 'EAUTH',
  response: '535-5.7.8 Username and Password not accepted. For more information, go to\n' +
    '535 5.7.8  https://support.google.com/mail/?p=BadCredentials 98e67ed59e1d1-31114fe8e4bsm3736023a91.28 - gsmtp',
  responseCode: 535,
  command: 'AUTH PLAIN'
}
2025-05-26T14:23:48: ❌ Email service connection failed: Error: Invalid login: 535-5.7.8 Username and Password not accepted. For more information, go to
535 5.7.8  https://support.google.com/mail/?p=BadCredentials 41be03b00d2f7-b26eb09fbb0sm16341086a12.66 - gsmtp
    at SMTPConnection._formatError (C:\Users\User\Desktop\Cursor\TaskMaster\back\node_modules\nodemailer\lib\smtp-connection\index.js:809:19)
    at SMTPConnection._actionAUTHComplete (C:\Users\User\Desktop\Cursor\TaskMaster\back\node_modules\nodemailer\lib\smtp-connection\index.js:1588:34)
    at SMTPConnection.<anonymous> (C:\Users\User\Desktop\Cursor\TaskMaster\back\node_modules\nodemailer\lib\smtp-connection\index.js:556:26)
    at SMTPConnection._processResponse (C:\Users\User\Desktop\Cursor\TaskMaster\back\node_modules\nodemailer\lib\smtp-connection\index.js:993:20)
    at SMTPConnection._onData (C:\Users\User\Desktop\Cursor\TaskMaster\back\node_modules\nodemailer\lib\smtp-connection\index.js:774:14)
    at SMTPConnection._onSocketData (C:\Users\User\Desktop\Cursor\TaskMaster\back\node_modules\nodemailer\lib\smtp-connection\index.js:195:44)
    at TLSSocket.emit (node:events:518:28)
    at addChunk (node:internal/streams/readable:561:12)
    at readableAddChunkPushByteMode (node:internal/streams/readable:512:3)
    at Readable.push (node:internal/streams/readable:392:5) {
  code: 'EAUTH',
  response: '535-5.7.8 Username and Password not accepted. For more information, go to\n' +
    '535 5.7.8  https://support.google.com/mail/?p=BadCredentials 41be03b00d2f7-b26eb09fbb0sm16341086a12.66 - gsmtp',
  responseCode: 535,
  command: 'AUTH PLAIN'
}
2025-05-26T14:24:09: ❌ Email service connection failed: Error: Invalid login: 535-5.7.8 Username and Password not accepted. For more information, go to
535 5.7.8  https://support.google.com/mail/?p=BadCredentials 41be03b00d2f7-b26eadc0889sm16217030a12.0 - gsmtp
    at SMTPConnection._formatError (C:\Users\User\Desktop\Cursor\TaskMaster\back\node_modules\nodemailer\lib\smtp-connection\index.js:809:19)
    at SMTPConnection._actionAUTHComplete (C:\Users\User\Desktop\Cursor\TaskMaster\back\node_modules\nodemailer\lib\smtp-connection\index.js:1588:34)
    at SMTPConnection.<anonymous> (C:\Users\User\Desktop\Cursor\TaskMaster\back\node_modules\nodemailer\lib\smtp-connection\index.js:556:26)
    at SMTPConnection._processResponse (C:\Users\User\Desktop\Cursor\TaskMaster\back\node_modules\nodemailer\lib\smtp-connection\index.js:993:20)
    at SMTPConnection._onData (C:\Users\User\Desktop\Cursor\TaskMaster\back\node_modules\nodemailer\lib\smtp-connection\index.js:774:14)
    at SMTPConnection._onSocketData (C:\Users\User\Desktop\Cursor\TaskMaster\back\node_modules\nodemailer\lib\smtp-connection\index.js:195:44)
    at TLSSocket.emit (node:events:518:28)
    at addChunk (node:internal/streams/readable:561:12)
    at readableAddChunkPushByteMode (node:internal/streams/readable:512:3)
    at Readable.push (node:internal/streams/readable:392:5) {
  code: 'EAUTH',
  response: '535-5.7.8 Username and Password not accepted. For more information, go to\n' +
    '535 5.7.8  https://support.google.com/mail/?p=BadCredentials 41be03b00d2f7-b26eadc0889sm16217030a12.0 - gsmtp',
  responseCode: 535,
  command: 'AUTH PLAIN'
}
2025-05-26T14:24:11: ❌ Email service connection failed: Error: Invalid login: 535-5.7.8 Username and Password not accepted. For more information, go to
535 5.7.8  https://support.google.com/mail/?p=BadCredentials d9443c01a7336-23401ab6c20sm41988625ad.66 - gsmtp
    at SMTPConnection._formatError (C:\Users\User\Desktop\Cursor\TaskMaster\back\node_modules\nodemailer\lib\smtp-connection\index.js:809:19)
    at SMTPConnection._actionAUTHComplete (C:\Users\User\Desktop\Cursor\TaskMaster\back\node_modules\nodemailer\lib\smtp-connection\index.js:1588:34)
    at SMTPConnection.<anonymous> (C:\Users\User\Desktop\Cursor\TaskMaster\back\node_modules\nodemailer\lib\smtp-connection\index.js:556:26)
    at SMTPConnection._processResponse (C:\Users\User\Desktop\Cursor\TaskMaster\back\node_modules\nodemailer\lib\smtp-connection\index.js:993:20)
    at SMTPConnection._onData (C:\Users\User\Desktop\Cursor\TaskMaster\back\node_modules\nodemailer\lib\smtp-connection\index.js:774:14)
    at SMTPConnection._onSocketData (C:\Users\User\Desktop\Cursor\TaskMaster\back\node_modules\nodemailer\lib\smtp-connection\index.js:195:44)
    at TLSSocket.emit (node:events:518:28)
    at addChunk (node:internal/streams/readable:561:12)
    at readableAddChunkPushByteMode (node:internal/streams/readable:512:3)
    at Readable.push (node:internal/streams/readable:392:5) {
  code: 'EAUTH',
  response: '535-5.7.8 Username and Password not accepted. For more information, go to\n' +
    '535 5.7.8  https://support.google.com/mail/?p=BadCredentials d9443c01a7336-23401ab6c20sm41988625ad.66 - gsmtp',
  responseCode: 535,
  command: 'AUTH PLAIN'
}
2025-05-26T14:24:25: ❌ Email service connection failed: Error: Invalid login: 535-5.7.8 Username and Password not accepted. For more information, go to
535 5.7.8  https://support.google.com/mail/?p=BadCredentials 41be03b00d2f7-b26eaf8a199sm14067471a12.33 - gsmtp
    at SMTPConnection._formatError (C:\Users\User\Desktop\Cursor\TaskMaster\back\node_modules\nodemailer\lib\smtp-connection\index.js:809:19)
    at SMTPConnection._actionAUTHComplete (C:\Users\User\Desktop\Cursor\TaskMaster\back\node_modules\nodemailer\lib\smtp-connection\index.js:1588:34)
    at SMTPConnection.<anonymous> (C:\Users\User\Desktop\Cursor\TaskMaster\back\node_modules\nodemailer\lib\smtp-connection\index.js:556:26)
    at SMTPConnection._processResponse (C:\Users\User\Desktop\Cursor\TaskMaster\back\node_modules\nodemailer\lib\smtp-connection\index.js:993:20)
    at SMTPConnection._onData (C:\Users\User\Desktop\Cursor\TaskMaster\back\node_modules\nodemailer\lib\smtp-connection\index.js:774:14)
    at SMTPConnection._onSocketData (C:\Users\User\Desktop\Cursor\TaskMaster\back\node_modules\nodemailer\lib\smtp-connection\index.js:195:44)
    at TLSSocket.emit (node:events:518:28)
    at addChunk (node:internal/streams/readable:561:12)
    at readableAddChunkPushByteMode (node:internal/streams/readable:512:3)
    at Readable.push (node:internal/streams/readable:392:5) {
  code: 'EAUTH',
  response: '535-5.7.8 Username and Password not accepted. For more information, go to\n' +
    '535 5.7.8  https://support.google.com/mail/?p=BadCredentials 41be03b00d2f7-b26eaf8a199sm14067471a12.33 - gsmtp',
  responseCode: 535,
  command: 'AUTH PLAIN'
}
2025-05-26T14:24:26: ❌ Email service connection failed: Error: Invalid login: 535-5.7.8 Username and Password not accepted. For more information, go to
535 5.7.8  https://support.google.com/mail/?p=BadCredentials d2e1a72fcca58-742a98a2146sm16259132b3a.160 - gsmtp
    at SMTPConnection._formatError (C:\Users\User\Desktop\Cursor\TaskMaster\back\node_modules\nodemailer\lib\smtp-connection\index.js:809:19)
    at SMTPConnection._actionAUTHComplete (C:\Users\User\Desktop\Cursor\TaskMaster\back\node_modules\nodemailer\lib\smtp-connection\index.js:1588:34)
    at SMTPConnection.<anonymous> (C:\Users\User\Desktop\Cursor\TaskMaster\back\node_modules\nodemailer\lib\smtp-connection\index.js:556:26)
    at SMTPConnection._processResponse (C:\Users\User\Desktop\Cursor\TaskMaster\back\node_modules\nodemailer\lib\smtp-connection\index.js:993:20)
    at SMTPConnection._onData (C:\Users\User\Desktop\Cursor\TaskMaster\back\node_modules\nodemailer\lib\smtp-connection\index.js:774:14)
    at SMTPConnection._onSocketData (C:\Users\User\Desktop\Cursor\TaskMaster\back\node_modules\nodemailer\lib\smtp-connection\index.js:195:44)
    at TLSSocket.emit (node:events:518:28)
    at addChunk (node:internal/streams/readable:561:12)
    at readableAddChunkPushByteMode (node:internal/streams/readable:512:3)
    at Readable.push (node:internal/streams/readable:392:5) {
  code: 'EAUTH',
  response: '535-5.7.8 Username and Password not accepted. For more information, go to\n' +
    '535 5.7.8  https://support.google.com/mail/?p=BadCredentials d2e1a72fcca58-742a98a2146sm16259132b3a.160 - gsmtp',
  responseCode: 535,
  command: 'AUTH PLAIN'
}
2025-05-26T14:24:44: ❌ Email service connection failed: Error: Invalid login: 535-5.7.8 Username and Password not accepted. For more information, go to
535 5.7.8  https://support.google.com/mail/?p=BadCredentials 98e67ed59e1d1-310cec3f320sm6916459a91.9 - gsmtp
    at SMTPConnection._formatError (C:\Users\User\Desktop\Cursor\TaskMaster\back\node_modules\nodemailer\lib\smtp-connection\index.js:809:19)
    at SMTPConnection._actionAUTHComplete (C:\Users\User\Desktop\Cursor\TaskMaster\back\node_modules\nodemailer\lib\smtp-connection\index.js:1588:34)
    at SMTPConnection.<anonymous> (C:\Users\User\Desktop\Cursor\TaskMaster\back\node_modules\nodemailer\lib\smtp-connection\index.js:556:26)
    at SMTPConnection._processResponse (C:\Users\User\Desktop\Cursor\TaskMaster\back\node_modules\nodemailer\lib\smtp-connection\index.js:993:20)
    at SMTPConnection._onData (C:\Users\User\Desktop\Cursor\TaskMaster\back\node_modules\nodemailer\lib\smtp-connection\index.js:774:14)
    at SMTPConnection._onSocketData (C:\Users\User\Desktop\Cursor\TaskMaster\back\node_modules\nodemailer\lib\smtp-connection\index.js:195:44)
    at TLSSocket.emit (node:events:518:28)
    at addChunk (node:internal/streams/readable:561:12)
    at readableAddChunkPushByteMode (node:internal/streams/readable:512:3)
    at Readable.push (node:internal/streams/readable:392:5) {
  code: 'EAUTH',
  response: '535-5.7.8 Username and Password not accepted. For more information, go to\n' +
    '535 5.7.8  https://support.google.com/mail/?p=BadCredentials 98e67ed59e1d1-310cec3f320sm6916459a91.9 - gsmtp',
  responseCode: 535,
  command: 'AUTH PLAIN'
}
2025-05-26T14:25:13: ❌ Email service connection failed: Error: Invalid login: 535-5.7.8 Username and Password not accepted. For more information, go to
535 5.7.8  https://support.google.com/mail/?p=BadCredentials 98e67ed59e1d1-310f127a8b1sm5513459a91.7 - gsmtp
    at SMTPConnection._formatError (C:\Users\User\Desktop\Cursor\TaskMaster\back\node_modules\nodemailer\lib\smtp-connection\index.js:809:19)
    at SMTPConnection._actionAUTHComplete (C:\Users\User\Desktop\Cursor\TaskMaster\back\node_modules\nodemailer\lib\smtp-connection\index.js:1588:34)
    at SMTPConnection.<anonymous> (C:\Users\User\Desktop\Cursor\TaskMaster\back\node_modules\nodemailer\lib\smtp-connection\index.js:556:26)
    at SMTPConnection._processResponse (C:\Users\User\Desktop\Cursor\TaskMaster\back\node_modules\nodemailer\lib\smtp-connection\index.js:993:20)
    at SMTPConnection._onData (C:\Users\User\Desktop\Cursor\TaskMaster\back\node_modules\nodemailer\lib\smtp-connection\index.js:774:14)
    at SMTPConnection._onSocketData (C:\Users\User\Desktop\Cursor\TaskMaster\back\node_modules\nodemailer\lib\smtp-connection\index.js:195:44)
    at TLSSocket.emit (node:events:518:28)
    at addChunk (node:internal/streams/readable:561:12)
    at readableAddChunkPushByteMode (node:internal/streams/readable:512:3)
    at Readable.push (node:internal/streams/readable:392:5) {
  code: 'EAUTH',
  response: '535-5.7.8 Username and Password not accepted. For more information, go to\n' +
    '535 5.7.8  https://support.google.com/mail/?p=BadCredentials 98e67ed59e1d1-310f127a8b1sm5513459a91.7 - gsmtp',
  responseCode: 535,
  command: 'AUTH PLAIN'
}
2025-05-26T14:25:31: ❌ Email service connection failed: Error: Invalid login: 535-5.7.8 Username and Password not accepted. For more information, go to
535 5.7.8  https://support.google.com/mail/?p=BadCredentials d9443c01a7336-23417e3f4c6sm34315445ad.152 - gsmtp
    at SMTPConnection._formatError (C:\Users\User\Desktop\Cursor\TaskMaster\back\node_modules\nodemailer\lib\smtp-connection\index.js:809:19)
    at SMTPConnection._actionAUTHComplete (C:\Users\User\Desktop\Cursor\TaskMaster\back\node_modules\nodemailer\lib\smtp-connection\index.js:1588:34)
    at SMTPConnection.<anonymous> (C:\Users\User\Desktop\Cursor\TaskMaster\back\node_modules\nodemailer\lib\smtp-connection\index.js:556:26)
    at SMTPConnection._processResponse (C:\Users\User\Desktop\Cursor\TaskMaster\back\node_modules\nodemailer\lib\smtp-connection\index.js:993:20)
    at SMTPConnection._onData (C:\Users\User\Desktop\Cursor\TaskMaster\back\node_modules\nodemailer\lib\smtp-connection\index.js:774:14)
    at SMTPConnection._onSocketData (C:\Users\User\Desktop\Cursor\TaskMaster\back\node_modules\nodemailer\lib\smtp-connection\index.js:195:44)
    at TLSSocket.emit (node:events:518:28)
    at addChunk (node:internal/streams/readable:561:12)
    at readableAddChunkPushByteMode (node:internal/streams/readable:512:3)
    at Readable.push (node:internal/streams/readable:392:5) {
  code: 'EAUTH',
  response: '535-5.7.8 Username and Password not accepted. For more information, go to\n' +
    '535 5.7.8  https://support.google.com/mail/?p=BadCredentials d9443c01a7336-23417e3f4c6sm34315445ad.152 - gsmtp',
  responseCode: 535,
  command: 'AUTH PLAIN'
}
2025-05-26T14:25:49: ❌ Email service connection failed: Error: Invalid login: 535-5.7.8 Username and Password not accepted. For more information, go to
535 5.7.8  https://support.google.com/mail/?p=BadCredentials d2e1a72fcca58-742a97398ecsm16260495b3a.79 - gsmtp
    at SMTPConnection._formatError (C:\Users\User\Desktop\Cursor\TaskMaster\back\node_modules\nodemailer\lib\smtp-connection\index.js:809:19)
    at SMTPConnection._actionAUTHComplete (C:\Users\User\Desktop\Cursor\TaskMaster\back\node_modules\nodemailer\lib\smtp-connection\index.js:1588:34)
    at SMTPConnection.<anonymous> (C:\Users\User\Desktop\Cursor\TaskMaster\back\node_modules\nodemailer\lib\smtp-connection\index.js:556:26)
    at SMTPConnection._processResponse (C:\Users\User\Desktop\Cursor\TaskMaster\back\node_modules\nodemailer\lib\smtp-connection\index.js:993:20)
    at SMTPConnection._onData (C:\Users\User\Desktop\Cursor\TaskMaster\back\node_modules\nodemailer\lib\smtp-connection\index.js:774:14)
    at SMTPConnection._onSocketData (C:\Users\User\Desktop\Cursor\TaskMaster\back\node_modules\nodemailer\lib\smtp-connection\index.js:195:44)
    at TLSSocket.emit (node:events:518:28)
    at addChunk (node:internal/streams/readable:561:12)
    at readableAddChunkPushByteMode (node:internal/streams/readable:512:3)
    at Readable.push (node:internal/streams/readable:392:5) {
  code: 'EAUTH',
  response: '535-5.7.8 Username and Password not accepted. For more information, go to\n' +
    '535 5.7.8  https://support.google.com/mail/?p=BadCredentials d2e1a72fcca58-742a97398ecsm16260495b3a.79 - gsmtp',
  responseCode: 535,
  command: 'AUTH PLAIN'
}
2025-05-26T14:26:05: ❌ Email service connection failed: Error: Invalid login: 535-5.7.8 Username and Password not accepted. For more information, go to
535 5.7.8  https://support.google.com/mail/?p=BadCredentials d9443c01a7336-2341cbb7963sm32009365ad.188 - gsmtp
    at SMTPConnection._formatError (C:\Users\User\Desktop\Cursor\TaskMaster\back\node_modules\nodemailer\lib\smtp-connection\index.js:809:19)
    at SMTPConnection._actionAUTHComplete (C:\Users\User\Desktop\Cursor\TaskMaster\back\node_modules\nodemailer\lib\smtp-connection\index.js:1588:34)
    at SMTPConnection.<anonymous> (C:\Users\User\Desktop\Cursor\TaskMaster\back\node_modules\nodemailer\lib\smtp-connection\index.js:556:26)
    at SMTPConnection._processResponse (C:\Users\User\Desktop\Cursor\TaskMaster\back\node_modules\nodemailer\lib\smtp-connection\index.js:993:20)
    at SMTPConnection._onData (C:\Users\User\Desktop\Cursor\TaskMaster\back\node_modules\nodemailer\lib\smtp-connection\index.js:774:14)
    at SMTPConnection._onSocketData (C:\Users\User\Desktop\Cursor\TaskMaster\back\node_modules\nodemailer\lib\smtp-connection\index.js:195:44)
    at TLSSocket.emit (node:events:518:28)
    at addChunk (node:internal/streams/readable:561:12)
    at readableAddChunkPushByteMode (node:internal/streams/readable:512:3)
    at Readable.push (node:internal/streams/readable:392:5) {
  code: 'EAUTH',
  response: '535-5.7.8 Username and Password not accepted. For more information, go to\n' +
    '535 5.7.8  https://support.google.com/mail/?p=BadCredentials d9443c01a7336-2341cbb7963sm32009365ad.188 - gsmtp',
  responseCode: 535,
  command: 'AUTH PLAIN'
}
2025-05-26T14:26:20: ❌ Email service connection failed: Error: Invalid login: 535-5.7.8 Username and Password not accepted. For more information, go to
535 5.7.8  https://support.google.com/mail/?p=BadCredentials d9443c01a7336-233fbb3c7acsm44489155ad.57 - gsmtp
    at SMTPConnection._formatError (C:\Users\User\Desktop\Cursor\TaskMaster\back\node_modules\nodemailer\lib\smtp-connection\index.js:809:19)
    at SMTPConnection._actionAUTHComplete (C:\Users\User\Desktop\Cursor\TaskMaster\back\node_modules\nodemailer\lib\smtp-connection\index.js:1588:34)
    at SMTPConnection.<anonymous> (C:\Users\User\Desktop\Cursor\TaskMaster\back\node_modules\nodemailer\lib\smtp-connection\index.js:556:26)
    at SMTPConnection._processResponse (C:\Users\User\Desktop\Cursor\TaskMaster\back\node_modules\nodemailer\lib\smtp-connection\index.js:993:20)
    at SMTPConnection._onData (C:\Users\User\Desktop\Cursor\TaskMaster\back\node_modules\nodemailer\lib\smtp-connection\index.js:774:14)
    at SMTPConnection._onSocketData (C:\Users\User\Desktop\Cursor\TaskMaster\back\node_modules\nodemailer\lib\smtp-connection\index.js:195:44)
    at TLSSocket.emit (node:events:518:28)
    at addChunk (node:internal/streams/readable:561:12)
    at readableAddChunkPushByteMode (node:internal/streams/readable:512:3)
    at Readable.push (node:internal/streams/readable:392:5) {
  code: 'EAUTH',
  response: '535-5.7.8 Username and Password not accepted. For more information, go to\n' +
    '535 5.7.8  https://support.google.com/mail/?p=BadCredentials d9443c01a7336-233fbb3c7acsm44489155ad.57 - gsmtp',
  responseCode: 535,
  command: 'AUTH PLAIN'
}
2025-05-26T14:26:28: ❌ Email service connection failed: Error: Invalid login: 535-5.7.8 Username and Password not accepted. For more information, go to
535 5.7.8  https://support.google.com/mail/?p=BadCredentials 98e67ed59e1d1-31134be6843sm2662113a91.20 - gsmtp
    at SMTPConnection._formatError (C:\Users\User\Desktop\Cursor\TaskMaster\back\node_modules\nodemailer\lib\smtp-connection\index.js:809:19)
    at SMTPConnection._actionAUTHComplete (C:\Users\User\Desktop\Cursor\TaskMaster\back\node_modules\nodemailer\lib\smtp-connection\index.js:1588:34)
    at SMTPConnection.<anonymous> (C:\Users\User\Desktop\Cursor\TaskMaster\back\node_modules\nodemailer\lib\smtp-connection\index.js:556:26)
    at SMTPConnection._processResponse (C:\Users\User\Desktop\Cursor\TaskMaster\back\node_modules\nodemailer\lib\smtp-connection\index.js:993:20)
    at SMTPConnection._onData (C:\Users\User\Desktop\Cursor\TaskMaster\back\node_modules\nodemailer\lib\smtp-connection\index.js:774:14)
    at SMTPConnection._onSocketData (C:\Users\User\Desktop\Cursor\TaskMaster\back\node_modules\nodemailer\lib\smtp-connection\index.js:195:44)
    at TLSSocket.emit (node:events:518:28)
    at addChunk (node:internal/streams/readable:561:12)
    at readableAddChunkPushByteMode (node:internal/streams/readable:512:3)
    at Readable.push (node:internal/streams/readable:392:5) {
  code: 'EAUTH',
  response: '535-5.7.8 Username and Password not accepted. For more information, go to\n' +
    '535 5.7.8  https://support.google.com/mail/?p=BadCredentials 98e67ed59e1d1-31134be6843sm2662113a91.20 - gsmtp',
  responseCode: 535,
  command: 'AUTH PLAIN'
}
2025-05-26T14:26:34: ❌ Email service connection failed: Error: Invalid login: 535-5.7.8 Username and Password not accepted. For more information, go to
535 5.7.8  https://support.google.com/mail/?p=BadCredentials 41be03b00d2f7-b26eaf5a2cesm16349339a12.9 - gsmtp
    at SMTPConnection._formatError (C:\Users\User\Desktop\Cursor\TaskMaster\back\node_modules\nodemailer\lib\smtp-connection\index.js:809:19)
    at SMTPConnection._actionAUTHComplete (C:\Users\User\Desktop\Cursor\TaskMaster\back\node_modules\nodemailer\lib\smtp-connection\index.js:1588:34)
    at SMTPConnection.<anonymous> (C:\Users\User\Desktop\Cursor\TaskMaster\back\node_modules\nodemailer\lib\smtp-connection\index.js:556:26)
    at SMTPConnection._processResponse (C:\Users\User\Desktop\Cursor\TaskMaster\back\node_modules\nodemailer\lib\smtp-connection\index.js:993:20)
    at SMTPConnection._onData (C:\Users\User\Desktop\Cursor\TaskMaster\back\node_modules\nodemailer\lib\smtp-connection\index.js:774:14)
    at SMTPConnection._onSocketData (C:\Users\User\Desktop\Cursor\TaskMaster\back\node_modules\nodemailer\lib\smtp-connection\index.js:195:44)
    at TLSSocket.emit (node:events:518:28)
    at addChunk (node:internal/streams/readable:561:12)
    at readableAddChunkPushByteMode (node:internal/streams/readable:512:3)
    at Readable.push (node:internal/streams/readable:392:5) {
  code: 'EAUTH',
  response: '535-5.7.8 Username and Password not accepted. For more information, go to\n' +
    '535 5.7.8  https://support.google.com/mail/?p=BadCredentials 41be03b00d2f7-b26eaf5a2cesm16349339a12.9 - gsmtp',
  responseCode: 535,
  command: 'AUTH PLAIN'
}
2025-05-26T14:26:37: ❌ Email service connection failed: Error: Invalid login: 535-5.7.8 Username and Password not accepted. For more information, go to
535 5.7.8  https://support.google.com/mail/?p=BadCredentials d9443c01a7336-2341e8ca46bsm31064495ad.115 - gsmtp
    at SMTPConnection._formatError (C:\Users\User\Desktop\Cursor\TaskMaster\back\node_modules\nodemailer\lib\smtp-connection\index.js:809:19)
    at SMTPConnection._actionAUTHComplete (C:\Users\User\Desktop\Cursor\TaskMaster\back\node_modules\nodemailer\lib\smtp-connection\index.js:1588:34)
    at SMTPConnection.<anonymous> (C:\Users\User\Desktop\Cursor\TaskMaster\back\node_modules\nodemailer\lib\smtp-connection\index.js:556:26)
    at SMTPConnection._processResponse (C:\Users\User\Desktop\Cursor\TaskMaster\back\node_modules\nodemailer\lib\smtp-connection\index.js:993:20)
    at SMTPConnection._onData (C:\Users\User\Desktop\Cursor\TaskMaster\back\node_modules\nodemailer\lib\smtp-connection\index.js:774:14)
    at SMTPConnection._onSocketData (C:\Users\User\Desktop\Cursor\TaskMaster\back\node_modules\nodemailer\lib\smtp-connection\index.js:195:44)
    at TLSSocket.emit (node:events:518:28)
    at addChunk (node:internal/streams/readable:561:12)
    at readableAddChunkPushByteMode (node:internal/streams/readable:512:3)
    at Readable.push (node:internal/streams/readable:392:5) {
  code: 'EAUTH',
  response: '535-5.7.8 Username and Password not accepted. For more information, go to\n' +
    '535 5.7.8  https://support.google.com/mail/?p=BadCredentials d9443c01a7336-2341e8ca46bsm31064495ad.115 - gsmtp',
  responseCode: 535,
  command: 'AUTH PLAIN'
}
2025-05-26T14:26:39: ❌ Email service connection failed: Error: Invalid login: 535-5.7.8 Username and Password not accepted. For more information, go to
535 5.7.8  https://support.google.com/mail/?p=BadCredentials 98e67ed59e1d1-310f8faa31bsm4605940a91.19 - gsmtp
    at SMTPConnection._formatError (C:\Users\User\Desktop\Cursor\TaskMaster\back\node_modules\nodemailer\lib\smtp-connection\index.js:809:19)
    at SMTPConnection._actionAUTHComplete (C:\Users\User\Desktop\Cursor\TaskMaster\back\node_modules\nodemailer\lib\smtp-connection\index.js:1588:34)
    at SMTPConnection.<anonymous> (C:\Users\User\Desktop\Cursor\TaskMaster\back\node_modules\nodemailer\lib\smtp-connection\index.js:556:26)
    at SMTPConnection._processResponse (C:\Users\User\Desktop\Cursor\TaskMaster\back\node_modules\nodemailer\lib\smtp-connection\index.js:993:20)
    at SMTPConnection._onData (C:\Users\User\Desktop\Cursor\TaskMaster\back\node_modules\nodemailer\lib\smtp-connection\index.js:774:14)
    at SMTPConnection._onSocketData (C:\Users\User\Desktop\Cursor\TaskMaster\back\node_modules\nodemailer\lib\smtp-connection\index.js:195:44)
    at TLSSocket.emit (node:events:518:28)
    at addChunk (node:internal/streams/readable:561:12)
    at readableAddChunkPushByteMode (node:internal/streams/readable:512:3)
    at Readable.push (node:internal/streams/readable:392:5) {
  code: 'EAUTH',
  response: '535-5.7.8 Username and Password not accepted. For more information, go to\n' +
    '535 5.7.8  https://support.google.com/mail/?p=BadCredentials 98e67ed59e1d1-310f8faa31bsm4605940a91.19 - gsmtp',
  responseCode: 535,
  command: 'AUTH PLAIN'
}
2025-05-26T14:26:51: ❌ Email service connection failed: Error: Invalid login: 535-5.7.8 Username and Password not accepted. For more information, go to
535 5.7.8  https://support.google.com/mail/?p=BadCredentials 98e67ed59e1d1-3117d6bc2c8sm598337a91.49 - gsmtp
    at SMTPConnection._formatError (C:\Users\User\Desktop\Cursor\TaskMaster\back\node_modules\nodemailer\lib\smtp-connection\index.js:809:19)
    at SMTPConnection._actionAUTHComplete (C:\Users\User\Desktop\Cursor\TaskMaster\back\node_modules\nodemailer\lib\smtp-connection\index.js:1588:34)
    at SMTPConnection.<anonymous> (C:\Users\User\Desktop\Cursor\TaskMaster\back\node_modules\nodemailer\lib\smtp-connection\index.js:556:26)
    at SMTPConnection._processResponse (C:\Users\User\Desktop\Cursor\TaskMaster\back\node_modules\nodemailer\lib\smtp-connection\index.js:993:20)
    at SMTPConnection._onData (C:\Users\User\Desktop\Cursor\TaskMaster\back\node_modules\nodemailer\lib\smtp-connection\index.js:774:14)
    at SMTPConnection._onSocketData (C:\Users\User\Desktop\Cursor\TaskMaster\back\node_modules\nodemailer\lib\smtp-connection\index.js:195:44)
    at TLSSocket.emit (node:events:518:28)
    at addChunk (node:internal/streams/readable:561:12)
    at readableAddChunkPushByteMode (node:internal/streams/readable:512:3)
    at Readable.push (node:internal/streams/readable:392:5) {
  code: 'EAUTH',
  response: '535-5.7.8 Username and Password not accepted. For more information, go to\n' +
    '535 5.7.8  https://support.google.com/mail/?p=BadCredentials 98e67ed59e1d1-3117d6bc2c8sm598337a91.49 - gsmtp',
  responseCode: 535,
  command: 'AUTH PLAIN'
}
2025-05-26T14:26:52: ❌ Email service connection failed: Error: Invalid login: 535-5.7.8 Username and Password not accepted. For more information, go to
535 5.7.8  https://support.google.com/mail/?p=BadCredentials d9443c01a7336-231d4e9713bsm160013185ad.150 - gsmtp
    at SMTPConnection._formatError (C:\Users\User\Desktop\Cursor\TaskMaster\back\node_modules\nodemailer\lib\smtp-connection\index.js:809:19)
    at SMTPConnection._actionAUTHComplete (C:\Users\User\Desktop\Cursor\TaskMaster\back\node_modules\nodemailer\lib\smtp-connection\index.js:1588:34)
    at SMTPConnection.<anonymous> (C:\Users\User\Desktop\Cursor\TaskMaster\back\node_modules\nodemailer\lib\smtp-connection\index.js:556:26)
    at SMTPConnection._processResponse (C:\Users\User\Desktop\Cursor\TaskMaster\back\node_modules\nodemailer\lib\smtp-connection\index.js:993:20)
    at SMTPConnection._onData (C:\Users\User\Desktop\Cursor\TaskMaster\back\node_modules\nodemailer\lib\smtp-connection\index.js:774:14)
    at SMTPConnection._onSocketData (C:\Users\User\Desktop\Cursor\TaskMaster\back\node_modules\nodemailer\lib\smtp-connection\index.js:195:44)
    at TLSSocket.emit (node:events:518:28)
    at addChunk (node:internal/streams/readable:561:12)
    at readableAddChunkPushByteMode (node:internal/streams/readable:512:3)
    at Readable.push (node:internal/streams/readable:392:5) {
  code: 'EAUTH',
  response: '535-5.7.8 Username and Password not accepted. For more information, go to\n' +
    '535 5.7.8  https://support.google.com/mail/?p=BadCredentials d9443c01a7336-231d4e9713bsm160013185ad.150 - gsmtp',
  responseCode: 535,
  command: 'AUTH PLAIN'
}
2025-05-26T14:27:57: ❌ Email service connection failed: Error: Invalid login: 535-5.7.8 Username and Password not accepted. For more information, go to
535 5.7.8  https://support.google.com/mail/?p=BadCredentials d2e1a72fcca58-742a9829c7asm16391060b3a.85 - gsmtp
    at SMTPConnection._formatError (C:\Users\User\Desktop\Cursor\TaskMaster\back\node_modules\nodemailer\lib\smtp-connection\index.js:809:19)
    at SMTPConnection._actionAUTHComplete (C:\Users\User\Desktop\Cursor\TaskMaster\back\node_modules\nodemailer\lib\smtp-connection\index.js:1588:34)
    at SMTPConnection.<anonymous> (C:\Users\User\Desktop\Cursor\TaskMaster\back\node_modules\nodemailer\lib\smtp-connection\index.js:556:26)
    at SMTPConnection._processResponse (C:\Users\User\Desktop\Cursor\TaskMaster\back\node_modules\nodemailer\lib\smtp-connection\index.js:993:20)
    at SMTPConnection._onData (C:\Users\User\Desktop\Cursor\TaskMaster\back\node_modules\nodemailer\lib\smtp-connection\index.js:774:14)
    at SMTPConnection._onSocketData (C:\Users\User\Desktop\Cursor\TaskMaster\back\node_modules\nodemailer\lib\smtp-connection\index.js:195:44)
    at TLSSocket.emit (node:events:518:28)
    at addChunk (node:internal/streams/readable:561:12)
    at readableAddChunkPushByteMode (node:internal/streams/readable:512:3)
    at Readable.push (node:internal/streams/readable:392:5) {
  code: 'EAUTH',
  response: '535-5.7.8 Username and Password not accepted. For more information, go to\n' +
    '535 5.7.8  https://support.google.com/mail/?p=BadCredentials d2e1a72fcca58-742a9829c7asm16391060b3a.85 - gsmtp',
  responseCode: 535,
  command: 'AUTH PLAIN'
}
2025-05-26T14:27:59: ❌ Email service connection failed: Error: Invalid login: 535-5.7.8 Username and Password not accepted. For more information, go to
535 5.7.8  https://support.google.com/mail/?p=BadCredentials 98e67ed59e1d1-3111f01c22csm3780154a91.2 - gsmtp
    at SMTPConnection._formatError (C:\Users\User\Desktop\Cursor\TaskMaster\back\node_modules\nodemailer\lib\smtp-connection\index.js:809:19)
    at SMTPConnection._actionAUTHComplete (C:\Users\User\Desktop\Cursor\TaskMaster\back\node_modules\nodemailer\lib\smtp-connection\index.js:1588:34)
    at SMTPConnection.<anonymous> (C:\Users\User\Desktop\Cursor\TaskMaster\back\node_modules\nodemailer\lib\smtp-connection\index.js:556:26)
    at SMTPConnection._processResponse (C:\Users\User\Desktop\Cursor\TaskMaster\back\node_modules\nodemailer\lib\smtp-connection\index.js:993:20)
    at SMTPConnection._onData (C:\Users\User\Desktop\Cursor\TaskMaster\back\node_modules\nodemailer\lib\smtp-connection\index.js:774:14)
    at SMTPConnection._onSocketData (C:\Users\User\Desktop\Cursor\TaskMaster\back\node_modules\nodemailer\lib\smtp-connection\index.js:195:44)
    at TLSSocket.emit (node:events:518:28)
    at addChunk (node:internal/streams/readable:561:12)
    at readableAddChunkPushByteMode (node:internal/streams/readable:512:3)
    at Readable.push (node:internal/streams/readable:392:5) {
  code: 'EAUTH',
  response: '535-5.7.8 Username and Password not accepted. For more information, go to\n' +
    '535 5.7.8  https://support.google.com/mail/?p=BadCredentials 98e67ed59e1d1-3111f01c22csm3780154a91.2 - gsmtp',
  responseCode: 535,
  command: 'AUTH PLAIN'
}
2025-05-26T14:30:49: ❌ Email service connection failed: Error: Invalid login: 535-5.7.8 Username and Password not accepted. For more information, go to
535 5.7.8  https://support.google.com/mail/?p=BadCredentials d9443c01a7336-2346b529befsm7593105ad.95 - gsmtp
    at SMTPConnection._formatError (C:\Users\User\Desktop\Cursor\TaskMaster\back\node_modules\nodemailer\lib\smtp-connection\index.js:809:19)
    at SMTPConnection._actionAUTHComplete (C:\Users\User\Desktop\Cursor\TaskMaster\back\node_modules\nodemailer\lib\smtp-connection\index.js:1588:34)
    at SMTPConnection.<anonymous> (C:\Users\User\Desktop\Cursor\TaskMaster\back\node_modules\nodemailer\lib\smtp-connection\index.js:556:26)
    at SMTPConnection._processResponse (C:\Users\User\Desktop\Cursor\TaskMaster\back\node_modules\nodemailer\lib\smtp-connection\index.js:993:20)
    at SMTPConnection._onData (C:\Users\User\Desktop\Cursor\TaskMaster\back\node_modules\nodemailer\lib\smtp-connection\index.js:774:14)
    at SMTPConnection._onSocketData (C:\Users\User\Desktop\Cursor\TaskMaster\back\node_modules\nodemailer\lib\smtp-connection\index.js:195:44)
    at TLSSocket.emit (node:events:518:28)
    at addChunk (node:internal/streams/readable:561:12)
    at readableAddChunkPushByteMode (node:internal/streams/readable:512:3)
    at Readable.push (node:internal/streams/readable:392:5) {
  code: 'EAUTH',
  response: '535-5.7.8 Username and Password not accepted. For more information, go to\n' +
    '535 5.7.8  https://support.google.com/mail/?p=BadCredentials d9443c01a7336-2346b529befsm7593105ad.95 - gsmtp',
  responseCode: 535,
  command: 'AUTH PLAIN'
}
2025-05-26T14:30:51: ❌ Email service connection failed: Error: Invalid login: 535-5.7.8 Username and Password not accepted. For more information, go to
535 5.7.8  https://support.google.com/mail/?p=BadCredentials d9443c01a7336-2343f8e2ecasm19603965ad.218 - gsmtp
    at SMTPConnection._formatError (C:\Users\User\Desktop\Cursor\TaskMaster\back\node_modules\nodemailer\lib\smtp-connection\index.js:809:19)
    at SMTPConnection._actionAUTHComplete (C:\Users\User\Desktop\Cursor\TaskMaster\back\node_modules\nodemailer\lib\smtp-connection\index.js:1588:34)
    at SMTPConnection.<anonymous> (C:\Users\User\Desktop\Cursor\TaskMaster\back\node_modules\nodemailer\lib\smtp-connection\index.js:556:26)
    at SMTPConnection._processResponse (C:\Users\User\Desktop\Cursor\TaskMaster\back\node_modules\nodemailer\lib\smtp-connection\index.js:993:20)
    at SMTPConnection._onData (C:\Users\User\Desktop\Cursor\TaskMaster\back\node_modules\nodemailer\lib\smtp-connection\index.js:774:14)
    at SMTPConnection._onSocketData (C:\Users\User\Desktop\Cursor\TaskMaster\back\node_modules\nodemailer\lib\smtp-connection\index.js:195:44)
    at TLSSocket.emit (node:events:518:28)
    at addChunk (node:internal/streams/readable:561:12)
    at readableAddChunkPushByteMode (node:internal/streams/readable:512:3)
    at Readable.push (node:internal/streams/readable:392:5) {
  code: 'EAUTH',
  response: '535-5.7.8 Username and Password not accepted. For more information, go to\n' +
    '535 5.7.8  https://support.google.com/mail/?p=BadCredentials d9443c01a7336-2343f8e2ecasm19603965ad.218 - gsmtp',
  responseCode: 535,
  command: 'AUTH PLAIN'
}
2025-05-26T14:32:53: ❌ Email service connection failed: Error: Invalid login: 535-5.7.8 Username and Password not accepted. For more information, go to
535 5.7.8  https://support.google.com/mail/?p=BadCredentials 41be03b00d2f7-b2c37301fbesm382825a12.64 - gsmtp
    at SMTPConnection._formatError (C:\Users\User\Desktop\Cursor\TaskMaster\back\node_modules\nodemailer\lib\smtp-connection\index.js:809:19)
    at SMTPConnection._actionAUTHComplete (C:\Users\User\Desktop\Cursor\TaskMaster\back\node_modules\nodemailer\lib\smtp-connection\index.js:1588:34)
    at SMTPConnection.<anonymous> (C:\Users\User\Desktop\Cursor\TaskMaster\back\node_modules\nodemailer\lib\smtp-connection\index.js:556:26)
    at SMTPConnection._processResponse (C:\Users\User\Desktop\Cursor\TaskMaster\back\node_modules\nodemailer\lib\smtp-connection\index.js:993:20)
    at SMTPConnection._onData (C:\Users\User\Desktop\Cursor\TaskMaster\back\node_modules\nodemailer\lib\smtp-connection\index.js:774:14)
    at SMTPConnection._onSocketData (C:\Users\User\Desktop\Cursor\TaskMaster\back\node_modules\nodemailer\lib\smtp-connection\index.js:195:44)
    at TLSSocket.emit (node:events:518:28)
    at addChunk (node:internal/streams/readable:561:12)
    at readableAddChunkPushByteMode (node:internal/streams/readable:512:3)
    at Readable.push (node:internal/streams/readable:392:5) {
  code: 'EAUTH',
  response: '535-5.7.8 Username and Password not accepted. For more information, go to\n' +
    '535 5.7.8  https://support.google.com/mail/?p=BadCredentials 41be03b00d2f7-b2c37301fbesm382825a12.64 - gsmtp',
  responseCode: 535,
  command: 'AUTH PLAIN'
}
2025-05-26T14:34:39: ❌ Email service connection failed: Error: Invalid login: 535-5.7.8 Username and Password not accepted. For more information, go to
535 5.7.8  https://support.google.com/mail/?p=BadCredentials d9443c01a7336-234180b2dacsm33929435ad.126 - gsmtp
    at SMTPConnection._formatError (C:\Users\User\Desktop\Cursor\TaskMaster\back\node_modules\nodemailer\lib\smtp-connection\index.js:809:19)
    at SMTPConnection._actionAUTHComplete (C:\Users\User\Desktop\Cursor\TaskMaster\back\node_modules\nodemailer\lib\smtp-connection\index.js:1588:34)
    at SMTPConnection.<anonymous> (C:\Users\User\Desktop\Cursor\TaskMaster\back\node_modules\nodemailer\lib\smtp-connection\index.js:556:26)
    at SMTPConnection._processResponse (C:\Users\User\Desktop\Cursor\TaskMaster\back\node_modules\nodemailer\lib\smtp-connection\index.js:993:20)
    at SMTPConnection._onData (C:\Users\User\Desktop\Cursor\TaskMaster\back\node_modules\nodemailer\lib\smtp-connection\index.js:774:14)
    at SMTPConnection._onSocketData (C:\Users\User\Desktop\Cursor\TaskMaster\back\node_modules\nodemailer\lib\smtp-connection\index.js:195:44)
    at TLSSocket.emit (node:events:518:28)
    at addChunk (node:internal/streams/readable:561:12)
    at readableAddChunkPushByteMode (node:internal/streams/readable:512:3)
    at Readable.push (node:internal/streams/readable:392:5) {
  code: 'EAUTH',
  response: '535-5.7.8 Username and Password not accepted. For more information, go to\n' +
    '535 5.7.8  https://support.google.com/mail/?p=BadCredentials d9443c01a7336-234180b2dacsm33929435ad.126 - gsmtp',
  responseCode: 535,
  command: 'AUTH PLAIN'
}
2025-05-26T14:34:52: ❌ Email service connection failed: Error: Invalid login: 535-5.7.8 Username and Password not accepted. For more information, go to
535 5.7.8  https://support.google.com/mail/?p=BadCredentials d9443c01a7336-2342cafc853sm26086505ad.33 - gsmtp
    at SMTPConnection._formatError (C:\Users\User\Desktop\Cursor\TaskMaster\back\node_modules\nodemailer\lib\smtp-connection\index.js:809:19)
    at SMTPConnection._actionAUTHComplete (C:\Users\User\Desktop\Cursor\TaskMaster\back\node_modules\nodemailer\lib\smtp-connection\index.js:1588:34)
    at SMTPConnection.<anonymous> (C:\Users\User\Desktop\Cursor\TaskMaster\back\node_modules\nodemailer\lib\smtp-connection\index.js:556:26)
    at SMTPConnection._processResponse (C:\Users\User\Desktop\Cursor\TaskMaster\back\node_modules\nodemailer\lib\smtp-connection\index.js:993:20)
    at SMTPConnection._onData (C:\Users\User\Desktop\Cursor\TaskMaster\back\node_modules\nodemailer\lib\smtp-connection\index.js:774:14)
    at SMTPConnection._onSocketData (C:\Users\User\Desktop\Cursor\TaskMaster\back\node_modules\nodemailer\lib\smtp-connection\index.js:195:44)
    at TLSSocket.emit (node:events:518:28)
    at addChunk (node:internal/streams/readable:561:12)
    at readableAddChunkPushByteMode (node:internal/streams/readable:512:3)
    at Readable.push (node:internal/streams/readable:392:5) {
  code: 'EAUTH',
  response: '535-5.7.8 Username and Password not accepted. For more information, go to\n' +
    '535 5.7.8  https://support.google.com/mail/?p=BadCredentials d9443c01a7336-2342cafc853sm26086505ad.33 - gsmtp',
  responseCode: 535,
  command: 'AUTH PLAIN'
}
2025-05-26T14:35:02: ❌ Email service connection failed: Error: Invalid login: 535-5.7.8 Username and Password not accepted. For more information, go to
535 5.7.8  https://support.google.com/mail/?p=BadCredentials 98e67ed59e1d1-3115c327818sm1434964a91.26 - gsmtp
    at SMTPConnection._formatError (C:\Users\User\Desktop\Cursor\TaskMaster\back\node_modules\nodemailer\lib\smtp-connection\index.js:809:19)
    at SMTPConnection._actionAUTHComplete (C:\Users\User\Desktop\Cursor\TaskMaster\back\node_modules\nodemailer\lib\smtp-connection\index.js:1588:34)
    at SMTPConnection.<anonymous> (C:\Users\User\Desktop\Cursor\TaskMaster\back\node_modules\nodemailer\lib\smtp-connection\index.js:556:26)
    at SMTPConnection._processResponse (C:\Users\User\Desktop\Cursor\TaskMaster\back\node_modules\nodemailer\lib\smtp-connection\index.js:993:20)
    at SMTPConnection._onData (C:\Users\User\Desktop\Cursor\TaskMaster\back\node_modules\nodemailer\lib\smtp-connection\index.js:774:14)
    at SMTPConnection._onSocketData (C:\Users\User\Desktop\Cursor\TaskMaster\back\node_modules\nodemailer\lib\smtp-connection\index.js:195:44)
    at TLSSocket.emit (node:events:518:28)
    at addChunk (node:internal/streams/readable:561:12)
    at readableAddChunkPushByteMode (node:internal/streams/readable:512:3)
    at Readable.push (node:internal/streams/readable:392:5) {
  code: 'EAUTH',
  response: '535-5.7.8 Username and Password not accepted. For more information, go to\n' +
    '535 5.7.8  https://support.google.com/mail/?p=BadCredentials 98e67ed59e1d1-3115c327818sm1434964a91.26 - gsmtp',
  responseCode: 535,
  command: 'AUTH PLAIN'
}
2025-05-26T14:35:54: ❌ Email service connection failed: Error: Invalid login: 535-5.7.8 Username and Password not accepted. For more information, go to
535 5.7.8  https://support.google.com/mail/?p=BadCredentials 41be03b00d2f7-b26eaf96573sm16286444a12.43 - gsmtp
    at SMTPConnection._formatError (C:\Users\User\Desktop\Cursor\TaskMaster\back\node_modules\nodemailer\lib\smtp-connection\index.js:809:19)
    at SMTPConnection._actionAUTHComplete (C:\Users\User\Desktop\Cursor\TaskMaster\back\node_modules\nodemailer\lib\smtp-connection\index.js:1588:34)
    at SMTPConnection.<anonymous> (C:\Users\User\Desktop\Cursor\TaskMaster\back\node_modules\nodemailer\lib\smtp-connection\index.js:556:26)
    at SMTPConnection._processResponse (C:\Users\User\Desktop\Cursor\TaskMaster\back\node_modules\nodemailer\lib\smtp-connection\index.js:993:20)
    at SMTPConnection._onData (C:\Users\User\Desktop\Cursor\TaskMaster\back\node_modules\nodemailer\lib\smtp-connection\index.js:774:14)
    at SMTPConnection._onSocketData (C:\Users\User\Desktop\Cursor\TaskMaster\back\node_modules\nodemailer\lib\smtp-connection\index.js:195:44)
    at TLSSocket.emit (node:events:518:28)
    at addChunk (node:internal/streams/readable:561:12)
    at readableAddChunkPushByteMode (node:internal/streams/readable:512:3)
    at Readable.push (node:internal/streams/readable:392:5) {
  code: 'EAUTH',
  response: '535-5.7.8 Username and Password not accepted. For more information, go to\n' +
    '535 5.7.8  https://support.google.com/mail/?p=BadCredentials 41be03b00d2f7-b26eaf96573sm16286444a12.43 - gsmtp',
  responseCode: 535,
  command: 'AUTH PLAIN'
}
2025-05-26T14:36:15: ❌ Failed to send verification email: Error: Invalid login: 535-5.7.8 Username and Password not accepted. For more information, go to
535 5.7.8  https://support.google.com/mail/?p=BadCredentials d9443c01a7336-23448a49b13sm16786845ad.61 - gsmtp
    at SMTPConnection._formatError (C:\Users\User\Desktop\Cursor\TaskMaster\back\node_modules\nodemailer\lib\smtp-connection\index.js:809:19)
    at SMTPConnection._actionAUTHComplete (C:\Users\User\Desktop\Cursor\TaskMaster\back\node_modules\nodemailer\lib\smtp-connection\index.js:1588:34)
    at SMTPConnection.<anonymous> (C:\Users\User\Desktop\Cursor\TaskMaster\back\node_modules\nodemailer\lib\smtp-connection\index.js:556:26)
    at SMTPConnection._processResponse (C:\Users\User\Desktop\Cursor\TaskMaster\back\node_modules\nodemailer\lib\smtp-connection\index.js:993:20)
    at SMTPConnection._onData (C:\Users\User\Desktop\Cursor\TaskMaster\back\node_modules\nodemailer\lib\smtp-connection\index.js:774:14)
    at SMTPConnection._onSocketData (C:\Users\User\Desktop\Cursor\TaskMaster\back\node_modules\nodemailer\lib\smtp-connection\index.js:195:44)
    at TLSSocket.emit (node:events:518:28)
    at addChunk (node:internal/streams/readable:561:12)
    at readableAddChunkPushByteMode (node:internal/streams/readable:512:3)
    at Readable.push (node:internal/streams/readable:392:5) {
  code: 'EAUTH',
  response: '535-5.7.8 Username and Password not accepted. For more information, go to\n' +
    '535 5.7.8  https://support.google.com/mail/?p=BadCredentials d9443c01a7336-23448a49b13sm16786845ad.61 - gsmtp',
  responseCode: 535,
  command: 'AUTH PLAIN'
}
2025-05-26T14:36:15: Send verification error: Error: Failed to send verification email
    at EmailService.sendVerificationEmail (C:\Users\User\Desktop\Cursor\TaskMaster\back\src\services\emailService.js:62:13)
    at process.processTicksAndRejections (node:internal/process/task_queues:105:5)
    at async C:\Users\User\Desktop\Cursor\TaskMaster\back\src\routes\auth.js:24:5
2025-05-26T14:36:51: ❌ Email service connection failed: Error: Invalid login: 535-5.7.8 Username and Password not accepted. For more information, go to
535 5.7.8  https://support.google.com/mail/?p=BadCredentials d9443c01a7336-2342cafc80bsm26066135ad.15 - gsmtp
    at SMTPConnection._formatError (C:\Users\User\Desktop\Cursor\TaskMaster\back\node_modules\nodemailer\lib\smtp-connection\index.js:809:19)
    at SMTPConnection._actionAUTHComplete (C:\Users\User\Desktop\Cursor\TaskMaster\back\node_modules\nodemailer\lib\smtp-connection\index.js:1588:34)
    at SMTPConnection.<anonymous> (C:\Users\User\Desktop\Cursor\TaskMaster\back\node_modules\nodemailer\lib\smtp-connection\index.js:556:26)
    at SMTPConnection._processResponse (C:\Users\User\Desktop\Cursor\TaskMaster\back\node_modules\nodemailer\lib\smtp-connection\index.js:993:20)
    at SMTPConnection._onData (C:\Users\User\Desktop\Cursor\TaskMaster\back\node_modules\nodemailer\lib\smtp-connection\index.js:774:14)
    at SMTPConnection._onSocketData (C:\Users\User\Desktop\Cursor\TaskMaster\back\node_modules\nodemailer\lib\smtp-connection\index.js:195:44)
    at TLSSocket.emit (node:events:518:28)
    at addChunk (node:internal/streams/readable:561:12)
    at readableAddChunkPushByteMode (node:internal/streams/readable:512:3)
    at Readable.push (node:internal/streams/readable:392:5) {
  code: 'EAUTH',
  response: '535-5.7.8 Username and Password not accepted. For more information, go to\n' +
    '535 5.7.8  https://support.google.com/mail/?p=BadCredentials d9443c01a7336-2342cafc80bsm26066135ad.15 - gsmtp',
  responseCode: 535,
  command: 'AUTH PLAIN'
}
2025-05-26T14:37:04: ❌ Email service connection failed: Error: Invalid login: 535-5.7.8 Username and Password not accepted. For more information, go to
535 5.7.8  https://support.google.com/mail/?p=BadCredentials d9443c01a7336-2341e8ca46bsm31241125ad.115 - gsmtp
    at SMTPConnection._formatError (C:\Users\User\Desktop\Cursor\TaskMaster\back\node_modules\nodemailer\lib\smtp-connection\index.js:809:19)
    at SMTPConnection._actionAUTHComplete (C:\Users\User\Desktop\Cursor\TaskMaster\back\node_modules\nodemailer\lib\smtp-connection\index.js:1588:34)
    at SMTPConnection.<anonymous> (C:\Users\User\Desktop\Cursor\TaskMaster\back\node_modules\nodemailer\lib\smtp-connection\index.js:556:26)
    at SMTPConnection._processResponse (C:\Users\User\Desktop\Cursor\TaskMaster\back\node_modules\nodemailer\lib\smtp-connection\index.js:993:20)
    at SMTPConnection._onData (C:\Users\User\Desktop\Cursor\TaskMaster\back\node_modules\nodemailer\lib\smtp-connection\index.js:774:14)
    at SMTPConnection._onSocketData (C:\Users\User\Desktop\Cursor\TaskMaster\back\node_modules\nodemailer\lib\smtp-connection\index.js:195:44)
    at TLSSocket.emit (node:events:518:28)
    at addChunk (node:internal/streams/readable:561:12)
    at readableAddChunkPushByteMode (node:internal/streams/readable:512:3)
    at Readable.push (node:internal/streams/readable:392:5) {
  code: 'EAUTH',
  response: '535-5.7.8 Username and Password not accepted. For more information, go to\n' +
    '535 5.7.8  https://support.google.com/mail/?p=BadCredentials d9443c01a7336-2341e8ca46bsm31241125ad.115 - gsmtp',
  responseCode: 535,
  command: 'AUTH PLAIN'
}
2025-05-26T14:37:07: ❌ Email service connection failed: Error: Invalid login: 535-5.7.8 Username and Password not accepted. For more information, go to
535 5.7.8  https://support.google.com/mail/?p=BadCredentials d2e1a72fcca58-742a9876d39sm16828377b3a.146 - gsmtp
    at SMTPConnection._formatError (C:\Users\User\Desktop\Cursor\TaskMaster\back\node_modules\nodemailer\lib\smtp-connection\index.js:809:19)
    at SMTPConnection._actionAUTHComplete (C:\Users\User\Desktop\Cursor\TaskMaster\back\node_modules\nodemailer\lib\smtp-connection\index.js:1588:34)
    at SMTPConnection.<anonymous> (C:\Users\User\Desktop\Cursor\TaskMaster\back\node_modules\nodemailer\lib\smtp-connection\index.js:556:26)
    at SMTPConnection._processResponse (C:\Users\User\Desktop\Cursor\TaskMaster\back\node_modules\nodemailer\lib\smtp-connection\index.js:993:20)
    at SMTPConnection._onData (C:\Users\User\Desktop\Cursor\TaskMaster\back\node_modules\nodemailer\lib\smtp-connection\index.js:774:14)
    at SMTPConnection._onSocketData (C:\Users\User\Desktop\Cursor\TaskMaster\back\node_modules\nodemailer\lib\smtp-connection\index.js:195:44)
    at TLSSocket.emit (node:events:518:28)
    at addChunk (node:internal/streams/readable:561:12)
    at readableAddChunkPushByteMode (node:internal/streams/readable:512:3)
    at Readable.push (node:internal/streams/readable:392:5) {
  code: 'EAUTH',
  response: '535-5.7.8 Username and Password not accepted. For more information, go to\n' +
    '535 5.7.8  https://support.google.com/mail/?p=BadCredentials d2e1a72fcca58-742a9876d39sm16828377b3a.146 - gsmtp',
  responseCode: 535,
  command: 'AUTH PLAIN'
}
2025-05-26T14:39:43: ❌ PostgreSQL 데이터베이스 연결 실패: SASL: SCRAM-SERVER-FIRST-MESSAGE: client password must be a string
2025-05-26T14:39:43: ❌ PostgreSQL 데이터베이스 연결 실패: SASL: SCRAM-SERVER-FIRST-MESSAGE: client password must be a string
2025-05-26T14:39:43: ❌ PostgreSQL 데이터베이스 연결 실패: SASL: SCRAM-SERVER-FIRST-MESSAGE: client password must be a string
2025-05-26T14:39:44: ❌ PostgreSQL 데이터베이스 연결 실패: SASL: SCRAM-SERVER-FIRST-MESSAGE: client password must be a string
2025-05-26T14:39:44: ❌ PostgreSQL 데이터베이스 연결 실패: SASL: SCRAM-SERVER-FIRST-MESSAGE: client password must be a string
2025-05-26T14:39:45: ❌ PostgreSQL 데이터베이스 연결 실패: SASL: SCRAM-SERVER-FIRST-MESSAGE: client password must be a string
2025-05-26T14:39:45: ❌ PostgreSQL 데이터베이스 연결 실패: SASL: SCRAM-SERVER-FIRST-MESSAGE: client password must be a string
2025-05-26T14:39:46: ❌ PostgreSQL 데이터베이스 연결 실패: SASL: SCRAM-SERVER-FIRST-MESSAGE: client password must be a string
2025-05-26T14:39:46: ❌ PostgreSQL 데이터베이스 연결 실패: SASL: SCRAM-SERVER-FIRST-MESSAGE: client password must be a string
2025-05-26T14:39:47: ❌ PostgreSQL 데이터베이스 연결 실패: SASL: SCRAM-SERVER-FIRST-MESSAGE: client password must be a string
2025-05-26T14:39:47: ❌ PostgreSQL 데이터베이스 연결 실패: SASL: SCRAM-SERVER-FIRST-MESSAGE: client password must be a string
2025-05-26T14:39:47: ❌ PostgreSQL 데이터베이스 연결 실패: SASL: SCRAM-SERVER-FIRST-MESSAGE: client password must be a string
2025-05-26T14:39:48: ❌ PostgreSQL 데이터베이스 연결 실패: SASL: SCRAM-SERVER-FIRST-MESSAGE: client password must be a string
2025-05-26T14:39:48: ❌ PostgreSQL 데이터베이스 연결 실패: SASL: SCRAM-SERVER-FIRST-MESSAGE: client password must be a string
2025-05-26T14:39:49: ❌ PostgreSQL 데이터베이스 연결 실패: SASL: SCRAM-SERVER-FIRST-MESSAGE: client password must be a string
2025-05-26T14:39:49: ❌ PostgreSQL 데이터베이스 연결 실패: SASL: SCRAM-SERVER-FIRST-MESSAGE: client password must be a string
2025-05-26T14:39:50: ❌ PostgreSQL 데이터베이스 연결 실패: SASL: SCRAM-SERVER-FIRST-MESSAGE: client password must be a string
2025-05-26T14:39:50: ❌ PostgreSQL 데이터베이스 연결 실패: SASL: SCRAM-SERVER-FIRST-MESSAGE: client password must be a string
2025-05-26T14:39:51: ❌ PostgreSQL 데이터베이스 연결 실패: SASL: SCRAM-SERVER-FIRST-MESSAGE: client password must be a string
2025-05-26T14:39:51: ❌ PostgreSQL 데이터베이스 연결 실패: SASL: SCRAM-SERVER-FIRST-MESSAGE: client password must be a string
2025-05-26T14:39:52: ❌ PostgreSQL 데이터베이스 연결 실패: SASL: SCRAM-SERVER-FIRST-MESSAGE: client password must be a string
2025-05-26T14:39:52: ❌ PostgreSQL 데이터베이스 연결 실패: SASL: SCRAM-SERVER-FIRST-MESSAGE: client password must be a string
2025-05-26T14:39:52: ❌ PostgreSQL 데이터베이스 연결 실패: SASL: SCRAM-SERVER-FIRST-MESSAGE: client password must be a string
2025-05-26T14:39:53: ❌ PostgreSQL 데이터베이스 연결 실패: SASL: SCRAM-SERVER-FIRST-MESSAGE: client password must be a string
2025-05-26T14:39:53: ❌ PostgreSQL 데이터베이스 연결 실패: SASL: SCRAM-SERVER-FIRST-MESSAGE: client password must be a string
2025-05-26T14:39:54: ❌ PostgreSQL 데이터베이스 연결 실패: SASL: SCRAM-SERVER-FIRST-MESSAGE: client password must be a string
2025-05-26T14:39:54: ❌ PostgreSQL 데이터베이스 연결 실패: SASL: SCRAM-SERVER-FIRST-MESSAGE: client password must be a string
2025-05-26T14:39:55: ❌ PostgreSQL 데이터베이스 연결 실패: SASL: SCRAM-SERVER-FIRST-MESSAGE: client password must be a string
2025-05-26T14:39:55: ❌ PostgreSQL 데이터베이스 연결 실패: SASL: SCRAM-SERVER-FIRST-MESSAGE: client password must be a string
2025-05-26T14:39:56: ❌ PostgreSQL 데이터베이스 연결 실패: SASL: SCRAM-SERVER-FIRST-MESSAGE: client password must be a string
2025-05-26T14:39:56: ❌ PostgreSQL 데이터베이스 연결 실패: SASL: SCRAM-SERVER-FIRST-MESSAGE: client password must be a string
2025-05-26T14:39:57: ❌ PostgreSQL 데이터베이스 연결 실패: SASL: SCRAM-SERVER-FIRST-MESSAGE: client password must be a string
2025-05-26T14:40:35: ❌ PostgreSQL 데이터베이스 연결 실패: SASL: SCRAM-SERVER-FIRST-MESSAGE: client password must be a string
2025-05-26T14:40:35: ❌ PostgreSQL 데이터베이스 연결 실패: SASL: SCRAM-SERVER-FIRST-MESSAGE: client password must be a string
2025-05-26T14:40:35: ❌ PostgreSQL 데이터베이스 연결 실패: SASL: SCRAM-SERVER-FIRST-MESSAGE: client password must be a string
2025-05-26T14:40:36: ❌ PostgreSQL 데이터베이스 연결 실패: SASL: SCRAM-SERVER-FIRST-MESSAGE: client password must be a string
2025-05-26T14:40:36: ❌ PostgreSQL 데이터베이스 연결 실패: SASL: SCRAM-SERVER-FIRST-MESSAGE: client password must be a string
2025-05-26T14:40:37: ❌ PostgreSQL 데이터베이스 연결 실패: SASL: SCRAM-SERVER-FIRST-MESSAGE: client password must be a string
2025-05-26T14:40:37: ❌ PostgreSQL 데이터베이스 연결 실패: SASL: SCRAM-SERVER-FIRST-MESSAGE: client password must be a string
2025-05-26T14:40:38: ❌ PostgreSQL 데이터베이스 연결 실패: SASL: SCRAM-SERVER-FIRST-MESSAGE: client password must be a string
2025-05-26T14:40:38: ❌ PostgreSQL 데이터베이스 연결 실패: SASL: SCRAM-SERVER-FIRST-MESSAGE: client password must be a string
2025-05-26T14:40:38: ❌ PostgreSQL 데이터베이스 연결 실패: SASL: SCRAM-SERVER-FIRST-MESSAGE: client password must be a string
2025-05-26T14:40:39: ❌ PostgreSQL 데이터베이스 연결 실패: SASL: SCRAM-SERVER-FIRST-MESSAGE: client password must be a string
2025-05-26T14:40:39: ❌ PostgreSQL 데이터베이스 연결 실패: SASL: SCRAM-SERVER-FIRST-MESSAGE: client password must be a string
2025-05-26T14:40:40: ❌ PostgreSQL 데이터베이스 연결 실패: SASL: SCRAM-SERVER-FIRST-MESSAGE: client password must be a string
2025-05-26T14:40:40: ❌ PostgreSQL 데이터베이스 연결 실패: SASL: SCRAM-SERVER-FIRST-MESSAGE: client password must be a string
2025-05-26T14:40:41: ❌ PostgreSQL 데이터베이스 연결 실패: SASL: SCRAM-SERVER-FIRST-MESSAGE: client password must be a string
2025-05-26T14:40:41: ❌ PostgreSQL 데이터베이스 연결 실패: SASL: SCRAM-SERVER-FIRST-MESSAGE: client password must be a string
2025-05-26T14:40:42: ❌ PostgreSQL 데이터베이스 연결 실패: SASL: SCRAM-SERVER-FIRST-MESSAGE: client password must be a string
2025-05-26T14:40:42: ❌ PostgreSQL 데이터베이스 연결 실패: SASL: SCRAM-SERVER-FIRST-MESSAGE: client password must be a string
2025-05-26T14:40:43: ❌ PostgreSQL 데이터베이스 연결 실패: SASL: SCRAM-SERVER-FIRST-MESSAGE: client password must be a string
2025-05-26T14:40:43: ❌ PostgreSQL 데이터베이스 연결 실패: SASL: SCRAM-SERVER-FIRST-MESSAGE: client password must be a string
2025-05-26T14:40:43: ❌ PostgreSQL 데이터베이스 연결 실패: SASL: SCRAM-SERVER-FIRST-MESSAGE: client password must be a string
2025-05-26T14:40:44: ❌ PostgreSQL 데이터베이스 연결 실패: SASL: SCRAM-SERVER-FIRST-MESSAGE: client password must be a string
2025-05-26T14:40:44: ❌ PostgreSQL 데이터베이스 연결 실패: SASL: SCRAM-SERVER-FIRST-MESSAGE: client password must be a string
2025-05-26T14:40:45: ❌ PostgreSQL 데이터베이스 연결 실패: SASL: SCRAM-SERVER-FIRST-MESSAGE: client password must be a string
2025-05-26T14:40:45: ❌ PostgreSQL 데이터베이스 연결 실패: SASL: SCRAM-SERVER-FIRST-MESSAGE: client password must be a string
2025-05-26T14:40:46: ❌ PostgreSQL 데이터베이스 연결 실패: SASL: SCRAM-SERVER-FIRST-MESSAGE: client password must be a string
2025-05-26T14:40:46: ❌ PostgreSQL 데이터베이스 연결 실패: SASL: SCRAM-SERVER-FIRST-MESSAGE: client password must be a string
2025-05-26T14:40:47: ❌ PostgreSQL 데이터베이스 연결 실패: SASL: SCRAM-SERVER-FIRST-MESSAGE: client password must be a string
2025-05-26T14:40:47: ❌ PostgreSQL 데이터베이스 연결 실패: SASL: SCRAM-SERVER-FIRST-MESSAGE: client password must be a string
2025-05-26T14:40:48: ❌ PostgreSQL 데이터베이스 연결 실패: SASL: SCRAM-SERVER-FIRST-MESSAGE: client password must be a string
2025-05-26T14:40:48: ❌ PostgreSQL 데이터베이스 연결 실패: SASL: SCRAM-SERVER-FIRST-MESSAGE: client password must be a string
2025-05-26T14:40:49: ❌ PostgreSQL 데이터베이스 연결 실패: SASL: SCRAM-SERVER-FIRST-MESSAGE: client password must be a string
2025-05-26T14:40:50: ❌ PostgreSQL 데이터베이스 연결 실패: SASL: SCRAM-SERVER-FIRST-MESSAGE: client password must be a string
2025-05-26T14:40:50: ❌ PostgreSQL 데이터베이스 연결 실패: SASL: SCRAM-SERVER-FIRST-MESSAGE: client password must be a string
2025-05-26T14:40:51: ❌ PostgreSQL 데이터베이스 연결 실패: SASL: SCRAM-SERVER-FIRST-MESSAGE: client password must be a string
2025-05-26T14:40:51: ❌ PostgreSQL 데이터베이스 연결 실패: SASL: SCRAM-SERVER-FIRST-MESSAGE: client password must be a string
2025-05-26T14:40:51: ❌ PostgreSQL 데이터베이스 연결 실패: SASL: SCRAM-SERVER-FIRST-MESSAGE: client password must be a string
2025-05-26T14:40:52: ❌ PostgreSQL 데이터베이스 연결 실패: SASL: SCRAM-SERVER-FIRST-MESSAGE: client password must be a string
2025-05-26T14:40:52: ❌ PostgreSQL 데이터베이스 연결 실패: SASL: SCRAM-SERVER-FIRST-MESSAGE: client password must be a string
2025-05-26T14:40:53: ❌ PostgreSQL 데이터베이스 연결 실패: SASL: SCRAM-SERVER-FIRST-MESSAGE: client password must be a string
2025-05-26T14:40:53: ❌ PostgreSQL 데이터베이스 연결 실패: SASL: SCRAM-SERVER-FIRST-MESSAGE: client password must be a string
2025-05-26T14:40:54: ❌ PostgreSQL 데이터베이스 연결 실패: SASL: SCRAM-SERVER-FIRST-MESSAGE: client password must be a string
2025-05-26T14:40:54: ❌ PostgreSQL 데이터베이스 연결 실패: SASL: SCRAM-SERVER-FIRST-MESSAGE: client password must be a string
2025-05-26T14:40:55: ❌ PostgreSQL 데이터베이스 연결 실패: SASL: SCRAM-SERVER-FIRST-MESSAGE: client password must be a string
2025-05-26T14:40:55: ❌ PostgreSQL 데이터베이스 연결 실패: SASL: SCRAM-SERVER-FIRST-MESSAGE: client password must be a string
2025-05-26T14:40:56: ❌ PostgreSQL 데이터베이스 연결 실패: SASL: SCRAM-SERVER-FIRST-MESSAGE: client password must be a string
2025-05-26T14:41:18: ❌ PostgreSQL 데이터베이스 연결 실패: SASL: SCRAM-SERVER-FIRST-MESSAGE: client password must be a string
2025-05-26T14:41:19: ❌ PostgreSQL 데이터베이스 연결 실패: SASL: SCRAM-SERVER-FIRST-MESSAGE: client password must be a string
2025-05-26T14:41:19: ❌ PostgreSQL 데이터베이스 연결 실패: SASL: SCRAM-SERVER-FIRST-MESSAGE: client password must be a string
2025-05-26T14:41:20: ❌ PostgreSQL 데이터베이스 연결 실패: SASL: SCRAM-SERVER-FIRST-MESSAGE: client password must be a string
2025-05-26T14:41:20: ❌ PostgreSQL 데이터베이스 연결 실패: SASL: SCRAM-SERVER-FIRST-MESSAGE: client password must be a string
2025-05-26T14:41:21: ❌ PostgreSQL 데이터베이스 연결 실패: SASL: SCRAM-SERVER-FIRST-MESSAGE: client password must be a string
2025-05-26T14:41:21: ❌ PostgreSQL 데이터베이스 연결 실패: SASL: SCRAM-SERVER-FIRST-MESSAGE: client password must be a string
2025-05-26T14:41:22: ❌ PostgreSQL 데이터베이스 연결 실패: SASL: SCRAM-SERVER-FIRST-MESSAGE: client password must be a string
2025-05-26T14:41:22: ❌ PostgreSQL 데이터베이스 연결 실패: SASL: SCRAM-SERVER-FIRST-MESSAGE: client password must be a string
2025-05-26T14:41:23: ❌ PostgreSQL 데이터베이스 연결 실패: SASL: SCRAM-SERVER-FIRST-MESSAGE: client password must be a string
2025-05-26T14:41:23: ❌ PostgreSQL 데이터베이스 연결 실패: SASL: SCRAM-SERVER-FIRST-MESSAGE: client password must be a string
2025-05-26T14:41:23: ❌ PostgreSQL 데이터베이스 연결 실패: SASL: SCRAM-SERVER-FIRST-MESSAGE: client password must be a string
2025-05-26T14:41:24: ❌ PostgreSQL 데이터베이스 연결 실패: SASL: SCRAM-SERVER-FIRST-MESSAGE: client password must be a string
2025-05-26T14:41:24: ❌ PostgreSQL 데이터베이스 연결 실패: SASL: SCRAM-SERVER-FIRST-MESSAGE: client password must be a string
2025-05-26T14:41:25: ❌ PostgreSQL 데이터베이스 연결 실패: SASL: SCRAM-SERVER-FIRST-MESSAGE: client password must be a string
2025-05-26T14:41:25: ❌ PostgreSQL 데이터베이스 연결 실패: SASL: SCRAM-SERVER-FIRST-MESSAGE: client password must be a string
2025-05-26T14:41:33: ❌ PostgreSQL 데이터베이스 연결 실패: SASL: SCRAM-SERVER-FIRST-MESSAGE: client password must be a string
2025-05-26T14:41:34: ❌ PostgreSQL 데이터베이스 연결 실패: SASL: SCRAM-SERVER-FIRST-MESSAGE: client password must be a string
2025-05-26T14:41:34: ❌ PostgreSQL 데이터베이스 연결 실패: SASL: SCRAM-SERVER-FIRST-MESSAGE: client password must be a string
2025-05-26T14:41:35: ❌ PostgreSQL 데이터베이스 연결 실패: SASL: SCRAM-SERVER-FIRST-MESSAGE: client password must be a string
2025-05-26T14:41:35: ❌ PostgreSQL 데이터베이스 연결 실패: SASL: SCRAM-SERVER-FIRST-MESSAGE: client password must be a string
2025-05-26T14:41:36: ❌ PostgreSQL 데이터베이스 연결 실패: SASL: SCRAM-SERVER-FIRST-MESSAGE: client password must be a string
2025-05-26T14:41:36: ❌ PostgreSQL 데이터베이스 연결 실패: SASL: SCRAM-SERVER-FIRST-MESSAGE: client password must be a string
2025-05-26T14:41:37: ❌ PostgreSQL 데이터베이스 연결 실패: SASL: SCRAM-SERVER-FIRST-MESSAGE: client password must be a string
2025-05-26T14:41:37: ❌ PostgreSQL 데이터베이스 연결 실패: SASL: SCRAM-SERVER-FIRST-MESSAGE: client password must be a string
2025-05-26T14:41:37: ❌ PostgreSQL 데이터베이스 연결 실패: SASL: SCRAM-SERVER-FIRST-MESSAGE: client password must be a string
2025-05-26T14:41:38: ❌ PostgreSQL 데이터베이스 연결 실패: SASL: SCRAM-SERVER-FIRST-MESSAGE: client password must be a string
2025-05-26T14:41:38: ❌ PostgreSQL 데이터베이스 연결 실패: SASL: SCRAM-SERVER-FIRST-MESSAGE: client password must be a string
2025-05-26T14:41:39: ❌ PostgreSQL 데이터베이스 연결 실패: SASL: SCRAM-SERVER-FIRST-MESSAGE: client password must be a string
2025-05-26T14:41:39: ❌ PostgreSQL 데이터베이스 연결 실패: SASL: SCRAM-SERVER-FIRST-MESSAGE: client password must be a string
2025-05-26T14:41:40: ❌ PostgreSQL 데이터베이스 연결 실패: SASL: SCRAM-SERVER-FIRST-MESSAGE: client password must be a string
2025-05-26T14:41:40: ❌ PostgreSQL 데이터베이스 연결 실패: SASL: SCRAM-SERVER-FIRST-MESSAGE: client password must be a string
2025-05-26T14:44:47: SyntaxError: Bad escaped character in JSON at position 9 (line 1 column 10)
    at JSON.parse (<anonymous>)
    at parse (C:\Users\User\Desktop\Cursor\TaskMaster\back\node_modules\body-parser\lib\types\json.js:92:19)
    at C:\Users\User\Desktop\Cursor\TaskMaster\back\node_modules\body-parser\lib\read.js:128:18
    at AsyncResource.runInAsyncScope (node:async_hooks:211:14)
    at invokeCallback (C:\Users\User\Desktop\Cursor\TaskMaster\back\node_modules\raw-body\index.js:238:16)
    at done (C:\Users\User\Desktop\Cursor\TaskMaster\back\node_modules\raw-body\index.js:227:7)
    at IncomingMessage.onEnd (C:\Users\User\Desktop\Cursor\TaskMaster\back\node_modules\raw-body\index.js:287:7)
    at IncomingMessage.emit (node:events:518:28)
    at endReadableNT (node:internal/streams/readable:1698:12)
    at process.processTicksAndRejections (node:internal/process/task_queues:90:21)
